2024-04-15 00:12:18,576 INFO o.a.j.u.JMeterUtils: Setting Locale to en_EN
2024-04-15 00:12:18,608 INFO o.a.j.JMeter: Loading user properties from: C:\Users\User\Desktop\apache-jmeter-5.6.3\apache-jmeter-5.6.3\bin\user.properties
2024-04-15 00:12:18,608 INFO o.a.j.JMeter: Loading system properties from: C:\Users\User\Desktop\apache-jmeter-5.6.3\apache-jmeter-5.6.3\bin\system.properties
2024-04-15 00:12:18,608 INFO o.a.j.JMeter: Copyright (c) 1998-2024 The Apache Software Foundation
2024-04-15 00:12:18,608 INFO o.a.j.JMeter: Version 5.6.3
2024-04-15 00:12:18,608 INFO o.a.j.JMeter: java.version=22
2024-04-15 00:12:18,608 INFO o.a.j.JMeter: java.vm.name=Java HotSpot(TM) 64-Bit Server VM
2024-04-15 00:12:18,608 INFO o.a.j.JMeter: os.name=Windows 11
2024-04-15 00:12:18,608 INFO o.a.j.JMeter: os.arch=amd64
2024-04-15 00:12:18,608 INFO o.a.j.JMeter: os.version=10.0
2024-04-15 00:12:18,608 INFO o.a.j.JMeter: file.encoding=UTF-8
2024-04-15 00:12:18,608 INFO o.a.j.JMeter: java.awt.headless=true
2024-04-15 00:12:18,608 INFO o.a.j.JMeter: Max memory     =1073741824
2024-04-15 00:12:18,608 INFO o.a.j.JMeter: Available Processors =4
2024-04-15 00:12:18,634 INFO o.a.j.JMeter: Default Locale=English (EN)
2024-04-15 00:12:18,634 INFO o.a.j.JMeter: JMeter  Locale=English (EN)
2024-04-15 00:12:18,634 INFO o.a.j.JMeter: JMeterHome=C:\Users\User\Desktop\apache-jmeter-5.6.3\apache-jmeter-5.6.3
2024-04-15 00:12:18,634 INFO o.a.j.JMeter: user.dir  =C:\Users\User\Desktop\Hadar-SCE\Automation\Devops2
2024-04-15 00:12:18,634 INFO o.a.j.JMeter: PWD       =C:\Users\User\Desktop\Hadar-SCE\Automation\Devops2
2024-04-15 00:12:18,634 INFO o.a.j.JMeter: IP: 192.168.199.1 Name: DESKTOP-7H1LVV0 FullName: DESKTOP-7H1LVV0
2024-04-15 00:12:18,665 INFO o.a.j.s.FileServer: Default base='C:\Users\User\Desktop\Hadar-SCE\Automation\Devops2'
2024-04-15 00:12:18,665 INFO o.a.j.s.FileServer: Set new base='C:\Users\User\Desktop\Hadar-SCE\Automation\Devops2\.\tests\NonFunctionalTest'
2024-04-15 00:12:18,949 INFO o.a.j.s.SaveService: Testplan (JMX) version: 2.2. Testlog (JTL) version: 2.2
2024-04-15 00:12:19,028 INFO o.a.j.s.SaveService: Using SaveService properties version 5.0
2024-04-15 00:12:19,028 INFO o.a.j.s.SaveService: Using SaveService properties file encoding UTF-8
2024-04-15 00:12:19,028 INFO o.a.j.s.SaveService: Loading file: .\tests\NonFunctionalTest\RegistrationJmeter.jmx
2024-04-15 00:12:19,154 INFO o.a.j.p.h.s.HTTPSamplerBase: Parser for text/html is org.apache.jmeter.protocol.http.parser.LagartoBasedHtmlParser
2024-04-15 00:12:19,154 INFO o.a.j.p.h.s.HTTPSamplerBase: Parser for application/xhtml+xml is org.apache.jmeter.protocol.http.parser.LagartoBasedHtmlParser
2024-04-15 00:12:19,154 INFO o.a.j.p.h.s.HTTPSamplerBase: Parser for application/xml is org.apache.jmeter.protocol.http.parser.LagartoBasedHtmlParser
2024-04-15 00:12:19,154 INFO o.a.j.p.h.s.HTTPSamplerBase: Parser for text/xml is org.apache.jmeter.protocol.http.parser.LagartoBasedHtmlParser
2024-04-15 00:12:19,154 INFO o.a.j.p.h.s.HTTPSamplerBase: Parser for text/vnd.wap.wml is org.apache.jmeter.protocol.http.parser.RegexpHTMLParser
2024-04-15 00:12:19,154 INFO o.a.j.p.h.s.HTTPSamplerBase: Parser for text/css is org.apache.jmeter.protocol.http.parser.CssParser
2024-04-15 00:12:19,218 INFO o.a.j.JMeter: Creating summariser <summary>
2024-04-15 00:12:19,231 INFO o.a.j.e.StandardJMeterEngine: Running the test!
2024-04-15 00:12:19,231 INFO o.a.j.s.SampleEvent: List of sample_variables: []
2024-04-15 00:12:19,231 INFO o.a.j.s.SampleEvent: List of sample_variables: []
2024-04-15 00:12:19,231 INFO o.a.j.e.u.CompoundVariable: Note: Function class names must contain the string: '.functions.'
2024-04-15 00:12:19,231 INFO o.a.j.e.u.CompoundVariable: Note: Function class names must not contain the string: '.gui.'
2024-04-15 00:12:19,418 INFO o.a.j.JMeter: Running test (1713129139418)
2024-04-15 00:12:19,459 INFO o.a.j.e.StandardJMeterEngine: Starting ThreadGroup: 1 : Thread Group
2024-04-15 00:12:19,459 INFO o.a.j.e.StandardJMeterEngine: Starting 100 threads for group Thread Group.
2024-04-15 00:12:19,459 INFO o.a.j.e.StandardJMeterEngine: Thread will continue on error
2024-04-15 00:12:19,459 INFO o.a.j.t.ThreadGroup: Starting thread group... number=1 threads=100 ramp-up=10 delayedStart=false
2024-04-15 00:12:19,499 INFO o.a.j.t.JMeterThread: Thread started: Thread Group 1-1
2024-04-15 00:12:19,528 INFO o.a.j.t.ThreadGroup: Started thread group number 1
2024-04-15 00:12:19,528 INFO o.a.j.e.StandardJMeterEngine: All thread groups have been started
2024-04-15 00:12:19,601 INFO o.a.j.p.h.s.HTTPHCAbstractImpl: Local host = DESKTOP-7H1LVV0
2024-04-15 00:12:19,609 INFO o.a.j.t.JMeterThread: Thread started: Thread Group 1-2
2024-04-15 00:12:19,615 INFO o.a.j.p.h.s.HTTPHC4Impl: HTTP request retry count = 0
2024-04-15 00:12:19,619 INFO o.a.j.s.SampleResult: Note: Sample TimeStamps are START times
2024-04-15 00:12:19,619 INFO o.a.j.s.SampleResult: sampleresult.default.encoding is set to UTF-8
2024-04-15 00:12:19,620 INFO o.a.j.s.SampleResult: sampleresult.useNanoTime=true
2024-04-15 00:12:19,620 INFO o.a.j.s.SampleResult: sampleresult.nanoThreadSleep=5000
2024-04-15 00:12:19,700 INFO o.a.j.t.JMeterThread: Thread started: Thread Group 1-3
2024-04-15 00:12:19,838 INFO o.a.j.t.JMeterThread: Thread started: Thread Group 1-4
2024-04-15 00:12:19,914 INFO o.a.j.t.JMeterThread: Thread started: Thread Group 1-5
2024-04-15 00:12:20,011 INFO o.a.j.t.JMeterThread: Thread started: Thread Group 1-6
2024-04-15 00:12:20,078 INFO o.a.j.t.JMeterThread: Thread is done: Thread Group 1-2
2024-04-15 00:12:20,078 INFO o.a.j.t.JMeterThread: Thread is done: Thread Group 1-1
2024-04-15 00:12:20,078 INFO o.a.j.t.JMeterThread: Thread finished: Thread Group 1-1
2024-04-15 00:12:20,078 INFO o.a.j.t.JMeterThread: Thread is done: Thread Group 1-3
2024-04-15 00:12:20,078 INFO o.a.j.t.JMeterThread: Thread finished: Thread Group 1-2
2024-04-15 00:12:20,078 INFO o.a.j.t.JMeterThread: Thread finished: Thread Group 1-3
2024-04-15 00:12:20,090 INFO o.a.j.t.JMeterThread: Thread is done: Thread Group 1-4
2024-04-15 00:12:20,090 INFO o.a.j.t.JMeterThread: Thread finished: Thread Group 1-4
2024-04-15 00:12:20,112 INFO o.a.j.t.JMeterThread: Thread started: Thread Group 1-7
2024-04-15 00:12:20,212 INFO o.a.j.t.JMeterThread: Thread started: Thread Group 1-8
2024-04-15 00:12:20,232 INFO o.a.j.t.JMeterThread: Thread is done: Thread Group 1-5
2024-04-15 00:12:20,232 INFO o.a.j.t.JMeterThread: Thread finished: Thread Group 1-5
2024-04-15 00:12:20,307 INFO o.a.j.t.JMeterThread: Thread started: Thread Group 1-9
2024-04-15 00:12:20,344 INFO o.a.j.t.JMeterThread: Thread is done: Thread Group 1-6
2024-04-15 00:12:20,344 INFO o.a.j.t.JMeterThread: Thread finished: Thread Group 1-6
2024-04-15 00:12:20,407 INFO o.a.j.t.JMeterThread: Thread started: Thread Group 1-10
2024-04-15 00:12:20,417 INFO o.a.j.t.JMeterThread: Thread is done: Thread Group 1-8
2024-04-15 00:12:20,417 INFO o.a.j.t.JMeterThread: Thread finished: Thread Group 1-8
2024-04-15 00:12:20,427 INFO o.a.j.t.JMeterThread: Thread is done: Thread Group 1-7
2024-04-15 00:12:20,428 INFO o.a.j.t.JMeterThread: Thread finished: Thread Group 1-7
2024-04-15 00:12:20,484 INFO o.a.j.t.JMeterThread: Thread is done: Thread Group 1-9
2024-04-15 00:12:20,484 INFO o.a.j.t.JMeterThread: Thread finished: Thread Group 1-9
2024-04-15 00:12:20,506 INFO o.a.j.t.JMeterThread: Thread started: Thread Group 1-11
2024-04-15 00:12:20,607 INFO o.a.j.t.JMeterThread: Thread started: Thread Group 1-12
2024-04-15 00:12:20,610 INFO o.a.j.t.JMeterThread: Thread is done: Thread Group 1-10
2024-04-15 00:12:20,610 INFO o.a.j.t.JMeterThread: Thread finished: Thread Group 1-10
2024-04-15 00:12:20,681 INFO o.a.j.t.JMeterThread: Thread is done: Thread Group 1-11
2024-04-15 00:12:20,681 INFO o.a.j.t.JMeterThread: Thread finished: Thread Group 1-11
2024-04-15 00:12:20,707 INFO o.a.j.t.JMeterThread: Thread started: Thread Group 1-13
2024-04-15 00:12:20,767 INFO o.a.j.t.JMeterThread: Thread is done: Thread Group 1-12
2024-04-15 00:12:20,768 INFO o.a.j.t.JMeterThread: Thread finished: Thread Group 1-12
2024-04-15 00:12:20,807 INFO o.a.j.t.JMeterThread: Thread started: Thread Group 1-14
2024-04-15 00:12:20,887 INFO o.a.j.t.JMeterThread: Thread is done: Thread Group 1-13
2024-04-15 00:12:20,887 INFO o.a.j.t.JMeterThread: Thread finished: Thread Group 1-13
2024-04-15 00:12:20,913 INFO o.a.j.t.JMeterThread: Thread started: Thread Group 1-15
2024-04-15 00:12:21,005 INFO o.a.j.t.JMeterThread: Thread is done: Thread Group 1-14
2024-04-15 00:12:21,006 INFO o.a.j.t.JMeterThread: Thread finished: Thread Group 1-14
2024-04-15 00:12:21,013 INFO o.a.j.t.JMeterThread: Thread started: Thread Group 1-16
2024-04-15 00:12:21,080 INFO o.a.j.t.JMeterThread: Thread is done: Thread Group 1-15
2024-04-15 00:12:21,080 INFO o.a.j.t.JMeterThread: Thread finished: Thread Group 1-15
2024-04-15 00:12:21,114 INFO o.a.j.t.JMeterThread: Thread started: Thread Group 1-17
2024-04-15 00:12:21,173 INFO o.a.j.t.JMeterThread: Thread is done: Thread Group 1-16
2024-04-15 00:12:21,173 INFO o.a.j.t.JMeterThread: Thread finished: Thread Group 1-16
2024-04-15 00:12:21,216 INFO o.a.j.t.JMeterThread: Thread started: Thread Group 1-18
2024-04-15 00:12:21,281 INFO o.a.j.t.JMeterThread: Thread is done: Thread Group 1-17
2024-04-15 00:12:21,281 INFO o.a.j.t.JMeterThread: Thread finished: Thread Group 1-17
2024-04-15 00:12:21,316 INFO o.a.j.t.JMeterThread: Thread started: Thread Group 1-19
2024-04-15 00:12:21,376 INFO o.a.j.t.JMeterThread: Thread is done: Thread Group 1-18
2024-04-15 00:12:21,376 INFO o.a.j.t.JMeterThread: Thread finished: Thread Group 1-18
2024-04-15 00:12:21,412 INFO o.a.j.t.JMeterThread: Thread started: Thread Group 1-20
2024-04-15 00:12:21,486 INFO o.a.j.t.JMeterThread: Thread is done: Thread Group 1-19
2024-04-15 00:12:21,486 INFO o.a.j.t.JMeterThread: Thread finished: Thread Group 1-19
2024-04-15 00:12:21,511 INFO o.a.j.t.JMeterThread: Thread started: Thread Group 1-21
2024-04-15 00:12:21,612 INFO o.a.j.t.JMeterThread: Thread started: Thread Group 1-22
2024-04-15 00:12:21,627 INFO o.a.j.t.JMeterThread: Thread is done: Thread Group 1-20
2024-04-15 00:12:21,627 INFO o.a.j.t.JMeterThread: Thread finished: Thread Group 1-20
2024-04-15 00:12:21,712 INFO o.a.j.t.JMeterThread: Thread started: Thread Group 1-23
2024-04-15 00:12:21,738 INFO o.a.j.t.JMeterThread: Thread is done: Thread Group 1-21
2024-04-15 00:12:21,738 INFO o.a.j.t.JMeterThread: Thread finished: Thread Group 1-21
2024-04-15 00:12:21,788 INFO o.a.j.t.JMeterThread: Thread is done: Thread Group 1-22
2024-04-15 00:12:21,788 INFO o.a.j.t.JMeterThread: Thread finished: Thread Group 1-22
2024-04-15 00:12:21,812 INFO o.a.j.t.JMeterThread: Thread started: Thread Group 1-24
2024-04-15 00:12:21,870 INFO o.a.j.t.JMeterThread: Thread is done: Thread Group 1-23
2024-04-15 00:12:21,871 INFO o.a.j.t.JMeterThread: Thread finished: Thread Group 1-23
2024-04-15 00:12:21,909 INFO o.a.j.t.JMeterThread: Thread started: Thread Group 1-25
2024-04-15 00:12:21,972 INFO o.a.j.t.JMeterThread: Thread is done: Thread Group 1-24
2024-04-15 00:12:21,973 INFO o.a.j.t.JMeterThread: Thread finished: Thread Group 1-24
2024-04-15 00:12:22,009 INFO o.a.j.t.JMeterThread: Thread started: Thread Group 1-26
2024-04-15 00:12:22,076 INFO o.a.j.t.JMeterThread: Thread is done: Thread Group 1-25
2024-04-15 00:12:22,076 INFO o.a.j.t.JMeterThread: Thread finished: Thread Group 1-25
2024-04-15 00:12:22,112 INFO o.a.j.t.JMeterThread: Thread started: Thread Group 1-27
2024-04-15 00:12:22,175 INFO o.a.j.t.JMeterThread: Thread is done: Thread Group 1-26
2024-04-15 00:12:22,176 INFO o.a.j.t.JMeterThread: Thread finished: Thread Group 1-26
2024-04-15 00:12:22,213 INFO o.a.j.t.JMeterThread: Thread started: Thread Group 1-28
2024-04-15 00:12:22,283 INFO o.a.j.t.JMeterThread: Thread is done: Thread Group 1-27
2024-04-15 00:12:22,283 INFO o.a.j.t.JMeterThread: Thread finished: Thread Group 1-27
2024-04-15 00:12:22,313 INFO o.a.j.t.JMeterThread: Thread started: Thread Group 1-29
2024-04-15 00:12:22,374 INFO o.a.j.t.JMeterThread: Thread is done: Thread Group 1-28
2024-04-15 00:12:22,374 INFO o.a.j.t.JMeterThread: Thread finished: Thread Group 1-28
2024-04-15 00:12:22,414 INFO o.a.j.t.JMeterThread: Thread started: Thread Group 1-30
2024-04-15 00:12:22,475 INFO o.a.j.t.JMeterThread: Thread is done: Thread Group 1-29
2024-04-15 00:12:22,475 INFO o.a.j.t.JMeterThread: Thread finished: Thread Group 1-29
2024-04-15 00:12:22,514 INFO o.a.j.t.JMeterThread: Thread started: Thread Group 1-31
2024-04-15 00:12:22,590 INFO o.a.j.t.JMeterThread: Thread is done: Thread Group 1-30
2024-04-15 00:12:22,590 INFO o.a.j.t.JMeterThread: Thread finished: Thread Group 1-30
2024-04-15 00:12:22,616 INFO o.a.j.t.JMeterThread: Thread started: Thread Group 1-32
2024-04-15 00:12:22,676 INFO o.a.j.t.JMeterThread: Thread is done: Thread Group 1-31
2024-04-15 00:12:22,676 INFO o.a.j.t.JMeterThread: Thread finished: Thread Group 1-31
2024-04-15 00:12:22,715 INFO o.a.j.t.JMeterThread: Thread started: Thread Group 1-33
2024-04-15 00:12:22,816 INFO o.a.j.t.JMeterThread: Thread started: Thread Group 1-34
2024-04-15 00:12:22,866 INFO o.a.j.t.JMeterThread: Thread is done: Thread Group 1-32
2024-04-15 00:12:22,866 INFO o.a.j.t.JMeterThread: Thread finished: Thread Group 1-32
2024-04-15 00:12:22,916 INFO o.a.j.t.JMeterThread: Thread started: Thread Group 1-35
2024-04-15 00:12:22,963 INFO o.a.j.t.JMeterThread: Thread is done: Thread Group 1-33
2024-04-15 00:12:22,963 INFO o.a.j.t.JMeterThread: Thread finished: Thread Group 1-33
2024-04-15 00:12:22,996 INFO o.a.j.t.JMeterThread: Thread is done: Thread Group 1-34
2024-04-15 00:12:22,996 INFO o.a.j.t.JMeterThread: Thread finished: Thread Group 1-34
2024-04-15 00:12:23,016 INFO o.a.j.t.JMeterThread: Thread started: Thread Group 1-36
2024-04-15 00:12:23,079 INFO o.a.j.t.JMeterThread: Thread is done: Thread Group 1-35
2024-04-15 00:12:23,079 INFO o.a.j.t.JMeterThread: Thread finished: Thread Group 1-35
2024-04-15 00:12:23,091 INFO o.a.j.t.JMeterThread: Thread started: Thread Group 1-37
2024-04-15 00:12:23,189 INFO o.a.j.t.JMeterThread: Thread is done: Thread Group 1-36
2024-04-15 00:12:23,189 INFO o.a.j.t.JMeterThread: Thread finished: Thread Group 1-36
2024-04-15 00:12:23,215 INFO o.a.j.t.JMeterThread: Thread started: Thread Group 1-38
2024-04-15 00:12:23,273 INFO o.a.j.t.JMeterThread: Thread is done: Thread Group 1-37
2024-04-15 00:12:23,274 INFO o.a.j.t.JMeterThread: Thread finished: Thread Group 1-37
2024-04-15 00:12:23,320 INFO o.a.j.t.JMeterThread: Thread started: Thread Group 1-39
2024-04-15 00:12:23,381 INFO o.a.j.t.JMeterThread: Thread is done: Thread Group 1-38
2024-04-15 00:12:23,381 INFO o.a.j.t.JMeterThread: Thread finished: Thread Group 1-38
2024-04-15 00:12:23,416 INFO o.a.j.t.JMeterThread: Thread started: Thread Group 1-40
2024-04-15 00:12:23,511 INFO o.a.j.t.JMeterThread: Thread is done: Thread Group 1-39
2024-04-15 00:12:23,512 INFO o.a.j.t.JMeterThread: Thread finished: Thread Group 1-39
2024-04-15 00:12:23,516 INFO o.a.j.t.JMeterThread: Thread started: Thread Group 1-41
2024-04-15 00:12:23,587 INFO o.a.j.t.JMeterThread: Thread is done: Thread Group 1-40
2024-04-15 00:12:23,587 INFO o.a.j.t.JMeterThread: Thread finished: Thread Group 1-40
2024-04-15 00:12:23,610 INFO o.a.j.t.JMeterThread: Thread started: Thread Group 1-42
2024-04-15 00:12:23,680 INFO o.a.j.t.JMeterThread: Thread is done: Thread Group 1-41
2024-04-15 00:12:23,681 INFO o.a.j.t.JMeterThread: Thread finished: Thread Group 1-41
2024-04-15 00:12:23,712 INFO o.a.j.t.JMeterThread: Thread started: Thread Group 1-43
2024-04-15 00:12:23,778 INFO o.a.j.t.JMeterThread: Thread is done: Thread Group 1-42
2024-04-15 00:12:23,778 INFO o.a.j.t.JMeterThread: Thread finished: Thread Group 1-42
2024-04-15 00:12:23,814 INFO o.a.j.t.JMeterThread: Thread started: Thread Group 1-44
2024-04-15 00:12:23,879 INFO o.a.j.t.JMeterThread: Thread is done: Thread Group 1-43
2024-04-15 00:12:23,879 INFO o.a.j.t.JMeterThread: Thread finished: Thread Group 1-43
2024-04-15 00:12:23,911 INFO o.a.j.t.JMeterThread: Thread started: Thread Group 1-45
2024-04-15 00:12:23,987 INFO o.a.j.t.JMeterThread: Thread is done: Thread Group 1-44
2024-04-15 00:12:23,987 INFO o.a.j.t.JMeterThread: Thread finished: Thread Group 1-44
2024-04-15 00:12:24,011 INFO o.a.j.t.JMeterThread: Thread started: Thread Group 1-46
2024-04-15 00:12:24,099 INFO o.a.j.t.JMeterThread: Thread is done: Thread Group 1-45
2024-04-15 00:12:24,099 INFO o.a.j.t.JMeterThread: Thread finished: Thread Group 1-45
2024-04-15 00:12:24,111 INFO o.a.j.t.JMeterThread: Thread started: Thread Group 1-47
2024-04-15 00:12:24,189 INFO o.a.j.t.JMeterThread: Thread is done: Thread Group 1-46
2024-04-15 00:12:24,189 INFO o.a.j.t.JMeterThread: Thread finished: Thread Group 1-46
2024-04-15 00:12:24,252 INFO o.a.j.t.JMeterThread: Thread started: Thread Group 1-48
2024-04-15 00:12:24,272 INFO o.a.j.t.JMeterThread: Thread is done: Thread Group 1-47
2024-04-15 00:12:24,272 INFO o.a.j.t.JMeterThread: Thread finished: Thread Group 1-47
2024-04-15 00:12:24,320 INFO o.a.j.t.JMeterThread: Thread started: Thread Group 1-49
2024-04-15 00:12:24,422 INFO o.a.j.t.JMeterThread: Thread started: Thread Group 1-50
2024-04-15 00:12:24,431 INFO o.a.j.t.JMeterThread: Thread is done: Thread Group 1-48
2024-04-15 00:12:24,431 INFO o.a.j.t.JMeterThread: Thread finished: Thread Group 1-48
2024-04-15 00:12:24,487 INFO o.a.j.t.JMeterThread: Thread is done: Thread Group 1-49
2024-04-15 00:12:24,488 INFO o.a.j.t.JMeterThread: Thread finished: Thread Group 1-49
2024-04-15 00:12:24,513 INFO o.a.j.t.JMeterThread: Thread started: Thread Group 1-51
2024-04-15 00:12:24,594 INFO o.a.j.t.JMeterThread: Thread is done: Thread Group 1-50
2024-04-15 00:12:24,594 INFO o.a.j.t.JMeterThread: Thread finished: Thread Group 1-50
2024-04-15 00:12:24,613 INFO o.a.j.t.JMeterThread: Thread started: Thread Group 1-52
2024-04-15 00:12:24,676 INFO o.a.j.t.JMeterThread: Thread is done: Thread Group 1-51
2024-04-15 00:12:24,676 INFO o.a.j.t.JMeterThread: Thread finished: Thread Group 1-51
2024-04-15 00:12:24,714 INFO o.a.j.t.JMeterThread: Thread started: Thread Group 1-53
2024-04-15 00:12:24,782 INFO o.a.j.t.JMeterThread: Thread is done: Thread Group 1-52
2024-04-15 00:12:24,783 INFO o.a.j.t.JMeterThread: Thread finished: Thread Group 1-52
2024-04-15 00:12:24,813 INFO o.a.j.t.JMeterThread: Thread started: Thread Group 1-54
2024-04-15 00:12:24,877 INFO o.a.j.t.JMeterThread: Thread is done: Thread Group 1-53
2024-04-15 00:12:24,877 INFO o.a.j.t.JMeterThread: Thread finished: Thread Group 1-53
2024-04-15 00:12:24,913 INFO o.a.j.t.JMeterThread: Thread started: Thread Group 1-55
2024-04-15 00:12:24,969 INFO o.a.j.t.JMeterThread: Thread is done: Thread Group 1-54
2024-04-15 00:12:24,969 INFO o.a.j.t.JMeterThread: Thread finished: Thread Group 1-54
2024-04-15 00:12:25,016 INFO o.a.j.t.JMeterThread: Thread started: Thread Group 1-56
2024-04-15 00:12:25,071 INFO o.a.j.t.JMeterThread: Thread is done: Thread Group 1-55
2024-04-15 00:12:25,071 INFO o.a.j.t.JMeterThread: Thread finished: Thread Group 1-55
2024-04-15 00:12:25,114 INFO o.a.j.t.JMeterThread: Thread started: Thread Group 1-57
2024-04-15 00:12:25,214 INFO o.a.j.t.JMeterThread: Thread started: Thread Group 1-58
2024-04-15 00:12:25,276 INFO o.a.j.t.JMeterThread: Thread is done: Thread Group 1-56
2024-04-15 00:12:25,277 INFO o.a.j.t.JMeterThread: Thread finished: Thread Group 1-56
2024-04-15 00:12:25,313 INFO o.a.j.t.JMeterThread: Thread started: Thread Group 1-59
2024-04-15 00:12:25,414 INFO o.a.j.t.JMeterThread: Thread started: Thread Group 1-60
2024-04-15 00:12:25,441 INFO o.a.j.t.JMeterThread: Thread is done: Thread Group 1-57
2024-04-15 00:12:25,441 INFO o.a.j.t.JMeterThread: Thread finished: Thread Group 1-57
2024-04-15 00:12:25,477 INFO o.a.j.t.JMeterThread: Thread is done: Thread Group 1-58
2024-04-15 00:12:25,478 INFO o.a.j.t.JMeterThread: Thread finished: Thread Group 1-58
2024-04-15 00:12:25,514 INFO o.a.j.t.JMeterThread: Thread started: Thread Group 1-61
2024-04-15 00:12:25,538 INFO o.a.j.t.JMeterThread: Thread is done: Thread Group 1-59
2024-04-15 00:12:25,542 INFO o.a.j.t.JMeterThread: Thread finished: Thread Group 1-59
2024-04-15 00:12:25,614 INFO o.a.j.t.JMeterThread: Thread is done: Thread Group 1-60
2024-04-15 00:12:25,614 INFO o.a.j.t.JMeterThread: Thread finished: Thread Group 1-60
2024-04-15 00:12:25,616 INFO o.a.j.t.JMeterThread: Thread started: Thread Group 1-62
2024-04-15 00:12:25,678 INFO o.a.j.t.JMeterThread: Thread is done: Thread Group 1-61
2024-04-15 00:12:25,679 INFO o.a.j.t.JMeterThread: Thread finished: Thread Group 1-61
2024-04-15 00:12:25,715 INFO o.a.j.t.JMeterThread: Thread started: Thread Group 1-63
2024-04-15 00:12:25,772 INFO o.a.j.t.JMeterThread: Thread is done: Thread Group 1-62
2024-04-15 00:12:25,772 INFO o.a.j.t.JMeterThread: Thread finished: Thread Group 1-62
2024-04-15 00:12:25,813 INFO o.a.j.t.JMeterThread: Thread started: Thread Group 1-64
2024-04-15 00:12:25,881 INFO o.a.j.t.JMeterThread: Thread is done: Thread Group 1-63
2024-04-15 00:12:25,881 INFO o.a.j.t.JMeterThread: Thread finished: Thread Group 1-63
2024-04-15 00:12:25,913 INFO o.a.j.t.JMeterThread: Thread started: Thread Group 1-65
2024-04-15 00:12:25,987 INFO o.a.j.t.JMeterThread: Thread is done: Thread Group 1-64
2024-04-15 00:12:25,987 INFO o.a.j.t.JMeterThread: Thread finished: Thread Group 1-64
2024-04-15 00:12:26,011 INFO o.a.j.t.JMeterThread: Thread started: Thread Group 1-66
2024-04-15 00:12:26,078 INFO o.a.j.t.JMeterThread: Thread is done: Thread Group 1-65
2024-04-15 00:12:26,079 INFO o.a.j.t.JMeterThread: Thread finished: Thread Group 1-65
2024-04-15 00:12:26,111 INFO o.a.j.t.JMeterThread: Thread started: Thread Group 1-67
2024-04-15 00:12:26,181 INFO o.a.j.t.JMeterThread: Thread is done: Thread Group 1-66
2024-04-15 00:12:26,182 INFO o.a.j.t.JMeterThread: Thread finished: Thread Group 1-66
2024-04-15 00:12:26,213 INFO o.a.j.t.JMeterThread: Thread started: Thread Group 1-68
2024-04-15 00:12:26,287 INFO o.a.j.t.JMeterThread: Thread is done: Thread Group 1-67
2024-04-15 00:12:26,287 INFO o.a.j.t.JMeterThread: Thread finished: Thread Group 1-67
2024-04-15 00:12:26,313 INFO o.a.j.t.JMeterThread: Thread started: Thread Group 1-69
2024-04-15 00:12:26,373 INFO o.a.j.t.JMeterThread: Thread is done: Thread Group 1-68
2024-04-15 00:12:26,374 INFO o.a.j.t.JMeterThread: Thread finished: Thread Group 1-68
2024-04-15 00:12:26,413 INFO o.a.j.t.JMeterThread: Thread started: Thread Group 1-70
2024-04-15 00:12:26,480 INFO o.a.j.t.JMeterThread: Thread is done: Thread Group 1-69
2024-04-15 00:12:26,480 INFO o.a.j.t.JMeterThread: Thread finished: Thread Group 1-69
2024-04-15 00:12:26,512 INFO o.a.j.t.JMeterThread: Thread started: Thread Group 1-71
2024-04-15 00:12:26,610 INFO o.a.j.t.JMeterThread: Thread is done: Thread Group 1-70
2024-04-15 00:12:26,610 INFO o.a.j.t.JMeterThread: Thread finished: Thread Group 1-70
2024-04-15 00:12:26,612 INFO o.a.j.t.JMeterThread: Thread started: Thread Group 1-72
2024-04-15 00:12:26,718 INFO o.a.j.t.JMeterThread: Thread is done: Thread Group 1-71
2024-04-15 00:12:26,718 INFO o.a.j.t.JMeterThread: Thread finished: Thread Group 1-71
2024-04-15 00:12:26,715 INFO o.a.j.t.JMeterThread: Thread started: Thread Group 1-73
2024-04-15 00:12:26,770 INFO o.a.j.t.JMeterThread: Thread is done: Thread Group 1-72
2024-04-15 00:12:26,771 INFO o.a.j.t.JMeterThread: Thread finished: Thread Group 1-72
2024-04-15 00:12:26,813 INFO o.a.j.t.JMeterThread: Thread started: Thread Group 1-74
2024-04-15 00:12:26,888 INFO o.a.j.t.JMeterThread: Thread is done: Thread Group 1-73
2024-04-15 00:12:26,888 INFO o.a.j.t.JMeterThread: Thread finished: Thread Group 1-73
2024-04-15 00:12:26,913 INFO o.a.j.t.JMeterThread: Thread started: Thread Group 1-75
2024-04-15 00:12:26,968 INFO o.a.j.t.JMeterThread: Thread is done: Thread Group 1-74
2024-04-15 00:12:26,968 INFO o.a.j.t.JMeterThread: Thread finished: Thread Group 1-74
2024-04-15 00:12:27,015 INFO o.a.j.t.JMeterThread: Thread started: Thread Group 1-76
2024-04-15 00:12:27,090 INFO o.a.j.t.JMeterThread: Thread is done: Thread Group 1-75
2024-04-15 00:12:27,090 INFO o.a.j.t.JMeterThread: Thread finished: Thread Group 1-75
2024-04-15 00:12:27,119 INFO o.a.j.t.JMeterThread: Thread started: Thread Group 1-77
2024-04-15 00:12:27,175 INFO o.a.j.t.JMeterThread: Thread is done: Thread Group 1-76
2024-04-15 00:12:27,176 INFO o.a.j.t.JMeterThread: Thread finished: Thread Group 1-76
2024-04-15 00:12:27,211 INFO o.a.j.t.JMeterThread: Thread started: Thread Group 1-78
2024-04-15 00:12:27,299 INFO o.a.j.t.JMeterThread: Thread is done: Thread Group 1-77
2024-04-15 00:12:27,299 INFO o.a.j.t.JMeterThread: Thread finished: Thread Group 1-77
2024-04-15 00:12:27,311 INFO o.a.j.t.JMeterThread: Thread started: Thread Group 1-79
2024-04-15 00:12:27,373 INFO o.a.j.t.JMeterThread: Thread is done: Thread Group 1-78
2024-04-15 00:12:27,374 INFO o.a.j.t.JMeterThread: Thread finished: Thread Group 1-78
2024-04-15 00:12:27,411 INFO o.a.j.t.JMeterThread: Thread started: Thread Group 1-80
2024-04-15 00:12:27,489 INFO o.a.j.t.JMeterThread: Thread is done: Thread Group 1-79
2024-04-15 00:12:27,489 INFO o.a.j.t.JMeterThread: Thread finished: Thread Group 1-79
2024-04-15 00:12:27,508 INFO o.a.j.t.JMeterThread: Thread started: Thread Group 1-81
2024-04-15 00:12:27,578 INFO o.a.j.t.JMeterThread: Thread is done: Thread Group 1-80
2024-04-15 00:12:27,580 INFO o.a.j.t.JMeterThread: Thread finished: Thread Group 1-80
2024-04-15 00:12:27,619 INFO o.a.j.t.JMeterThread: Thread started: Thread Group 1-82
2024-04-15 00:12:27,706 INFO o.a.j.t.JMeterThread: Thread is done: Thread Group 1-81
2024-04-15 00:12:27,706 INFO o.a.j.t.JMeterThread: Thread finished: Thread Group 1-81
2024-04-15 00:12:27,708 INFO o.a.j.t.JMeterThread: Thread started: Thread Group 1-83
2024-04-15 00:12:27,789 INFO o.a.j.t.JMeterThread: Thread is done: Thread Group 1-82
2024-04-15 00:12:27,789 INFO o.a.j.t.JMeterThread: Thread finished: Thread Group 1-82
2024-04-15 00:12:27,809 INFO o.a.j.t.JMeterThread: Thread started: Thread Group 1-84
2024-04-15 00:12:27,900 INFO o.a.j.t.JMeterThread: Thread is done: Thread Group 1-83
2024-04-15 00:12:27,900 INFO o.a.j.t.JMeterThread: Thread finished: Thread Group 1-83
2024-04-15 00:12:27,909 INFO o.a.j.t.JMeterThread: Thread started: Thread Group 1-85
2024-04-15 00:12:27,973 INFO o.a.j.t.JMeterThread: Thread is done: Thread Group 1-84
2024-04-15 00:12:27,973 INFO o.a.j.t.JMeterThread: Thread finished: Thread Group 1-84
2024-04-15 00:12:28,007 INFO o.a.j.t.JMeterThread: Thread started: Thread Group 1-86
2024-04-15 00:12:28,075 INFO o.a.j.t.JMeterThread: Thread is done: Thread Group 1-85
2024-04-15 00:12:28,075 INFO o.a.j.t.JMeterThread: Thread finished: Thread Group 1-85
2024-04-15 00:12:28,108 INFO o.a.j.t.JMeterThread: Thread started: Thread Group 1-87
2024-04-15 00:12:28,162 INFO o.a.j.t.JMeterThread: Thread is done: Thread Group 1-86
2024-04-15 00:12:28,162 INFO o.a.j.t.JMeterThread: Thread finished: Thread Group 1-86
2024-04-15 00:12:28,219 INFO o.a.j.t.JMeterThread: Thread started: Thread Group 1-88
2024-04-15 00:12:28,269 INFO o.a.j.t.JMeterThread: Thread is done: Thread Group 1-87
2024-04-15 00:12:28,269 INFO o.a.j.t.JMeterThread: Thread finished: Thread Group 1-87
2024-04-15 00:12:28,309 INFO o.a.j.t.JMeterThread: Thread started: Thread Group 1-89
2024-04-15 00:12:28,375 INFO o.a.j.t.JMeterThread: Thread is done: Thread Group 1-88
2024-04-15 00:12:28,375 INFO o.a.j.t.JMeterThread: Thread finished: Thread Group 1-88
2024-04-15 00:12:28,419 INFO o.a.j.t.JMeterThread: Thread started: Thread Group 1-90
2024-04-15 00:12:28,511 INFO o.a.j.t.JMeterThread: Thread started: Thread Group 1-91
2024-04-15 00:12:28,564 INFO o.a.j.t.JMeterThread: Thread is done: Thread Group 1-89
2024-04-15 00:12:28,564 INFO o.a.j.t.JMeterThread: Thread finished: Thread Group 1-89
2024-04-15 00:12:28,608 INFO o.a.j.t.JMeterThread: Thread started: Thread Group 1-92
2024-04-15 00:12:28,632 INFO o.a.j.t.JMeterThread: Thread is done: Thread Group 1-90
2024-04-15 00:12:28,632 INFO o.a.j.t.JMeterThread: Thread finished: Thread Group 1-90
2024-04-15 00:12:28,708 INFO o.a.j.t.JMeterThread: Thread started: Thread Group 1-93
2024-04-15 00:12:28,757 INFO o.a.j.t.JMeterThread: Thread is done: Thread Group 1-91
2024-04-15 00:12:28,757 INFO o.a.j.t.JMeterThread: Thread finished: Thread Group 1-91
2024-04-15 00:12:28,808 INFO o.a.j.t.JMeterThread: Thread started: Thread Group 1-94
2024-04-15 00:12:28,822 INFO o.a.j.t.JMeterThread: Thread is done: Thread Group 1-92
2024-04-15 00:12:28,822 INFO o.a.j.t.JMeterThread: Thread finished: Thread Group 1-92
2024-04-15 00:12:28,868 INFO o.a.j.t.JMeterThread: Thread is done: Thread Group 1-93
2024-04-15 00:12:28,869 INFO o.a.j.t.JMeterThread: Thread finished: Thread Group 1-93
2024-04-15 00:12:28,907 INFO o.a.j.t.JMeterThread: Thread started: Thread Group 1-95
2024-04-15 00:12:28,964 INFO o.a.j.t.JMeterThread: Thread is done: Thread Group 1-94
2024-04-15 00:12:28,964 INFO o.a.j.t.JMeterThread: Thread finished: Thread Group 1-94
2024-04-15 00:12:29,007 INFO o.a.j.t.JMeterThread: Thread started: Thread Group 1-96
2024-04-15 00:12:29,066 INFO o.a.j.t.JMeterThread: Thread is done: Thread Group 1-95
2024-04-15 00:12:29,066 INFO o.a.j.t.JMeterThread: Thread finished: Thread Group 1-95
2024-04-15 00:12:29,106 INFO o.a.j.t.JMeterThread: Thread started: Thread Group 1-97
2024-04-15 00:12:29,175 INFO o.a.j.t.JMeterThread: Thread is done: Thread Group 1-96
2024-04-15 00:12:29,175 INFO o.a.j.t.JMeterThread: Thread finished: Thread Group 1-96
2024-04-15 00:12:29,206 INFO o.a.j.t.JMeterThread: Thread started: Thread Group 1-98
2024-04-15 00:12:29,270 INFO o.a.j.t.JMeterThread: Thread is done: Thread Group 1-97
2024-04-15 00:12:29,270 INFO o.a.j.t.JMeterThread: Thread finished: Thread Group 1-97
2024-04-15 00:12:29,306 INFO o.a.j.t.JMeterThread: Thread started: Thread Group 1-99
2024-04-15 00:12:29,372 INFO o.a.j.t.JMeterThread: Thread is done: Thread Group 1-98
2024-04-15 00:12:29,372 INFO o.a.j.t.JMeterThread: Thread finished: Thread Group 1-98
2024-04-15 00:12:29,407 INFO o.a.j.t.JMeterThread: Thread started: Thread Group 1-100
2024-04-15 00:12:29,470 INFO o.a.j.t.JMeterThread: Thread is done: Thread Group 1-99
2024-04-15 00:12:29,470 INFO o.a.j.t.JMeterThread: Thread finished: Thread Group 1-99
2024-04-15 00:12:29,568 INFO o.a.j.t.JMeterThread: Thread is done: Thread Group 1-100
2024-04-15 00:12:29,568 INFO o.a.j.t.JMeterThread: Thread finished: Thread Group 1-100
2024-04-15 00:12:29,568 INFO o.a.j.e.StandardJMeterEngine: Notifying test listeners of end of test
2024-04-15 00:12:29,584 INFO o.a.j.r.Summariser: summary =    100 in 00:00:10 =    9.8/s Avg:   185 Min:   152 Max:   329 Err:     0 (0.00%)
